<?xml version="1.0" encoding="UTF-8"?>
<testng-results skipped="0" failed="0" total="1" passed="1">
  <reporter-output>
  </reporter-output>
  <suite name="Default suite" duration-ms="7432" started-at="2019-08-16T06:32:24Z" finished-at="2019-08-16T06:32:31Z">
    <groups>
    </groups>
    <test name="Default test" duration-ms="7432" started-at="2019-08-16T06:32:24Z" finished-at="2019-08-16T06:32:31Z">
      <class name="TestMaven.NewTest">
        <test-method status="PASS" signature="testDemoOne()[pri:0, instance:TestMaven.NewTest@6fffcba5]" name="testDemoOne" duration-ms="7401" started-at="2019-08-16T12:02:24Z" finished-at="2019-08-16T12:02:31Z">
          <reporter-output>
          </reporter-output>
        </test-method> <!-- testDemoOne -->
      </class> <!-- TestMaven.NewTest -->
    </test> <!-- Default test -->
  </suite> <!-- Default suite -->
</testng-results>
